2020-12-10 20:19:09,851:<module>:logging file
2020-12-10 20:20:05,961:<module>:logging file
2020-12-10 20:20:05,964:_new_conn:Starting new HTTPS connection (1): www.trustpilot.com:443
2020-12-10 20:20:06,666:_make_request:https://www.trustpilot.com:443 "GET /review/www.monday.com?page=1 HTTP/1.1" 200 30011
2020-12-10 20:20:06,808:_new_conn:Starting new HTTPS connection (1): www.trustpilot.com:443
2020-12-10 20:20:07,376:_make_request:https://www.trustpilot.com:443 "GET /review/www.monday.com?page=2 HTTP/1.1" 200 30967
2020-12-10 20:20:07,508:_new_conn:Starting new HTTPS connection (1): www.trustpilot.com:443
2020-12-10 20:20:08,268:_make_request:https://www.trustpilot.com:443 "GET /review/www.monday.com?page=3 HTTP/1.1" 200 29670
2020-12-10 20:20:08,398:_new_conn:Starting new HTTPS connection (1): www.trustpilot.com:443
2020-12-10 20:20:08,927:_make_request:https://www.trustpilot.com:443 "GET /review/www.monday.com?page=4 HTTP/1.1" 200 28411
2020-12-10 20:20:09,090:_new_conn:Starting new HTTPS connection (1): www.trustpilot.com:443
2020-12-10 20:20:09,465:_make_request:https://www.trustpilot.com:443 "GET //users/5fd18aabb79ba2001bbf77b1 HTTP/1.1" 200 15897
2020-12-10 20:20:09,522:_new_conn:Starting new HTTPS connection (1): www.trustpilot.com:443
2020-12-10 20:20:09,947:_make_request:https://www.trustpilot.com:443 "GET //users/5fd172e867717a001986f7f0 HTTP/1.1" 200 15610
2020-12-10 20:20:10,003:_new_conn:Starting new HTTPS connection (1): www.trustpilot.com:443
2020-12-10 20:20:10,380:_make_request:https://www.trustpilot.com:443 "GET //users/5fd1707e33b62e001942b069 HTTP/1.1" 200 15384
2020-12-10 20:20:10,412:_new_conn:Starting new HTTPS connection (1): www.trustpilot.com:443
2020-12-10 20:20:10,961:_make_request:https://www.trustpilot.com:443 "GET //users/5fd16be7e8176d0019e2d701 HTTP/1.1" 200 15246
2020-12-10 20:20:11,015:_new_conn:Starting new HTTPS connection (1): www.trustpilot.com:443
2020-12-10 20:20:11,379:_make_request:https://www.trustpilot.com:443 "GET //users/5fd02b15be34ff001a640de8 HTTP/1.1" 200 15501
2020-12-10 20:20:11,413:_new_conn:Starting new HTTPS connection (1): www.trustpilot.com:443
2020-12-10 20:20:11,821:_make_request:https://www.trustpilot.com:443 "GET //users/5fd025e6e8176d0019e2091a HTTP/1.1" 200 15419
2020-12-10 20:20:11,878:_new_conn:Starting new HTTPS connection (1): www.trustpilot.com:443
2020-12-10 20:20:12,238:_make_request:https://www.trustpilot.com:443 "GET //users/5fd01d83e8176d0019e205f5 HTTP/1.1" 200 15460
2020-12-10 20:20:12,296:_new_conn:Starting new HTTPS connection (1): www.trustpilot.com:443
2020-12-10 20:20:12,661:_make_request:https://www.trustpilot.com:443 "GET //users/5fd01baf33b62e001941ddda HTTP/1.1" 200 15435
2020-12-10 20:20:12,715:_new_conn:Starting new HTTPS connection (1): www.trustpilot.com:443
2020-12-10 20:20:13,198:_make_request:https://www.trustpilot.com:443 "GET //users/5fd01a8c551af6001a1eafa6 HTTP/1.1" 200 15485
2020-12-10 20:20:13,252:_new_conn:Starting new HTTPS connection (1): www.trustpilot.com:443
2020-12-10 20:20:13,620:_make_request:https://www.trustpilot.com:443 "GET //users/5fd00d66e8176d0019e1fee9 HTTP/1.1" 200 15540
2020-12-10 20:20:13,652:_new_conn:Starting new HTTPS connection (1): www.trustpilot.com:443
2020-12-10 20:20:14,037:_make_request:https://www.trustpilot.com:443 "GET //users/5fd00aa5ce11b00019dc5d0a HTTP/1.1" 200 15423
2020-12-10 20:20:14,094:_new_conn:Starting new HTTPS connection (1): www.trustpilot.com:443
2020-12-10 20:20:14,472:_make_request:https://www.trustpilot.com:443 "GET //users/5fd009a033b62e001941d51e HTTP/1.1" 200 15350
2020-12-10 20:20:14,504:_new_conn:Starting new HTTPS connection (1): www.trustpilot.com:443
2020-12-10 20:20:14,916:_make_request:https://www.trustpilot.com:443 "GET //users/5fd0051833b62e001941d30d HTTP/1.1" 200 15226
2020-12-10 20:20:14,970:_new_conn:Starting new HTTPS connection (1): www.trustpilot.com:443
2020-12-10 20:20:15,288:_make_request:https://www.trustpilot.com:443 "GET //users/5fd004bb551af6001a1ea56c HTTP/1.1" 200 15273
2020-12-10 20:20:15,320:_new_conn:Starting new HTTPS connection (1): www.trustpilot.com:443
2020-12-10 20:20:15,788:_make_request:https://www.trustpilot.com:443 "GET //users/5fd002a32252ee0019bed214 HTTP/1.1" 200 15320
2020-12-10 20:20:15,845:_new_conn:Starting new HTTPS connection (1): www.trustpilot.com:443
2020-12-10 20:20:16,303:_make_request:https://www.trustpilot.com:443 "GET //users/5df30e697e8d9166eb719cf5 HTTP/1.1" 200 15679
2020-12-10 20:20:16,361:_new_conn:Starting new HTTPS connection (1): www.trustpilot.com:443
2020-12-10 20:20:16,726:_make_request:https://www.trustpilot.com:443 "GET //users/5fcffc60be34ff001a63faa2 HTTP/1.1" 200 15290
2020-12-10 20:20:16,782:_new_conn:Starting new HTTPS connection (1): www.trustpilot.com:443
2020-12-10 20:20:17,254:_make_request:https://www.trustpilot.com:443 "GET //users/5fcffc3abe34ff001a63fa95 HTTP/1.1" 200 15244
2020-12-10 20:20:17,307:_new_conn:Starting new HTTPS connection (1): www.trustpilot.com:443
2020-12-10 20:20:17,608:_make_request:https://www.trustpilot.com:443 "GET //users/5fcff8fdbe34ff001a63f8d6 HTTP/1.1" 200 15328
2020-12-10 20:20:17,664:_new_conn:Starting new HTTPS connection (1): www.trustpilot.com:443
2020-12-10 20:20:18,167:_make_request:https://www.trustpilot.com:443 "GET //users/5fcff53b551af6001a1e9e46 HTTP/1.1" 200 15303
2020-12-10 20:20:18,205:_new_conn:Starting new HTTPS connection (1): www.trustpilot.com:443
2020-12-10 20:20:18,718:_make_request:https://www.trustpilot.com:443 "GET //users/5fcff303551af6001a1e9d1f HTTP/1.1" 200 15376
2020-12-10 20:20:18,742:_new_conn:Starting new HTTPS connection (1): www.trustpilot.com:443
2020-12-10 20:20:19,190:_make_request:https://www.trustpilot.com:443 "GET //users/5fcff1bdce11b00019dc50f5 HTTP/1.1" 200 15205
2020-12-10 20:20:19,243:_new_conn:Starting new HTTPS connection (1): www.trustpilot.com:443
2020-12-10 20:20:19,657:_make_request:https://www.trustpilot.com:443 "GET //users/5fcff09433b62e001941c93e HTTP/1.1" 200 15722
2020-12-10 20:20:19,728:_new_conn:Starting new HTTPS connection (1): www.trustpilot.com:443
2020-12-10 20:20:20,239:_make_request:https://www.trustpilot.com:443 "GET //users/5fcfef52ce11b00019dc4f5c HTTP/1.1" 200 15331
2020-12-10 20:20:20,281:_new_conn:Starting new HTTPS connection (1): www.trustpilot.com:443
2020-12-10 20:20:20,672:_make_request:https://www.trustpilot.com:443 "GET //users/5fcfe829ce11b00019dc4aeb HTTP/1.1" 200 15247
2020-12-10 20:20:20,730:_new_conn:Starting new HTTPS connection (1): www.trustpilot.com:443
2020-12-10 20:20:21,074:_make_request:https://www.trustpilot.com:443 "GET //users/5fcfe41f551af6001a1e93f1 HTTP/1.1" 200 15566
2020-12-10 20:20:21,112:_new_conn:Starting new HTTPS connection (1): www.trustpilot.com:443
2020-12-10 20:20:21,389:_make_request:https://www.trustpilot.com:443 "GET //users/5fcfd5aebe34ff001a63e2ee HTTP/1.1" 200 15314
2020-12-10 20:20:21,486:_new_conn:Starting new HTTPS connection (1): www.trustpilot.com:443
2020-12-10 20:20:21,852:_make_request:https://www.trustpilot.com:443 "GET //users/5fcfcd7a3733350019f3cad3 HTTP/1.1" 200 15463
2020-12-10 20:20:21,878:_new_conn:Starting new HTTPS connection (1): www.trustpilot.com:443
2020-12-10 20:20:22,231:_make_request:https://www.trustpilot.com:443 "GET //users/5fcfcb792252ee0019beb169 HTTP/1.1" 200 15177
2020-12-10 20:20:22,288:_new_conn:Starting new HTTPS connection (1): www.trustpilot.com:443
2020-12-10 20:20:22,748:_make_request:https://www.trustpilot.com:443 "GET //users/5fcf4030be34ff001a63602f HTTP/1.1" 200 15458
2020-12-10 20:20:22,803:_new_conn:Starting new HTTPS connection (1): www.trustpilot.com:443
2020-12-10 20:20:23,252:_make_request:https://www.trustpilot.com:443 "GET //users/5f8a719ecacd0a001a0760a0 HTTP/1.1" 200 16870
2020-12-10 20:20:23,320:_new_conn:Starting new HTTPS connection (1): www.trustpilot.com:443
2020-12-10 20:20:23,700:_make_request:https://www.trustpilot.com:443 "GET //users/5fcda52bb66e62001a7c7e8d HTTP/1.1" 200 15471
2020-12-10 20:20:23,756:_new_conn:Starting new HTTPS connection (1): www.trustpilot.com:443
2020-12-10 20:20:24,138:_make_request:https://www.trustpilot.com:443 "GET //users/5fca4a844a04550019d62550 HTTP/1.1" 200 15515
2020-12-10 20:20:24,194:_new_conn:Starting new HTTPS connection (1): www.trustpilot.com:443
2020-12-10 20:20:24,625:_make_request:https://www.trustpilot.com:443 "GET //users/5fc9bff514f391001a6a3190 HTTP/1.1" 200 15343
2020-12-10 20:20:24,679:_new_conn:Starting new HTTPS connection (1): www.trustpilot.com:443
2020-12-10 20:20:24,979:_make_request:https://www.trustpilot.com:443 "GET //users/5fc969a614f391001a6a14ad HTTP/1.1" 200 15317
2020-12-10 20:20:25,044:_new_conn:Starting new HTTPS connection (1): www.trustpilot.com:443
2020-12-10 20:20:25,574:_make_request:https://www.trustpilot.com:443 "GET //users/5fc80e8a700a7f001ad36d1b HTTP/1.1" 200 15239
2020-12-10 20:20:25,631:_new_conn:Starting new HTTPS connection (1): www.trustpilot.com:443
2020-12-10 20:20:26,007:_make_request:https://www.trustpilot.com:443 "GET //users/5e5f104cc06afde2b8f336b2 HTTP/1.1" 200 15601
2020-12-10 20:20:26,044:_new_conn:Starting new HTTPS connection (1): www.trustpilot.com:443
2020-12-10 20:20:26,367:_make_request:https://www.trustpilot.com:443 "GET //users/5fc708a0e4791c0019c3a239 HTTP/1.1" 200 15363
2020-12-10 20:20:26,424:_new_conn:Starting new HTTPS connection (1): www.trustpilot.com:443
2020-12-10 20:20:26,749:_make_request:https://www.trustpilot.com:443 "GET //users/5fc6cb24ca31880019c48e93 HTTP/1.1" 200 15234
2020-12-10 20:20:26,806:_new_conn:Starting new HTTPS connection (1): www.trustpilot.com:443
2020-12-10 20:20:27,154:_make_request:https://www.trustpilot.com:443 "GET //users/5fc6488bac84a200190ea283 HTTP/1.1" 200 15187
2020-12-10 20:20:27,210:_new_conn:Starting new HTTPS connection (1): www.trustpilot.com:443
2020-12-10 20:20:27,723:_make_request:https://www.trustpilot.com:443 "GET //users/5fc6447736865400193f3488 HTTP/1.1" 200 15328
2020-12-10 20:20:27,778:_new_conn:Starting new HTTPS connection (1): www.trustpilot.com:443
2020-12-10 20:20:28,102:_make_request:https://www.trustpilot.com:443 "GET //users/5e7b1dea062aad2584ccc090 HTTP/1.1" 200 16170
2020-12-10 20:20:28,161:_new_conn:Starting new HTTPS connection (1): www.trustpilot.com:443
2020-12-10 20:20:28,520:_make_request:https://www.trustpilot.com:443 "GET //users/5fc60a3536865400193f00c3 HTTP/1.1" 200 15231
2020-12-10 20:20:28,576:_new_conn:Starting new HTTPS connection (1): www.trustpilot.com:443
2020-12-10 20:20:29,016:_make_request:https://www.trustpilot.com:443 "GET //users/5a35e5980000ff000af22ab4 HTTP/1.1" 200 15409
2020-12-10 20:20:29,071:_new_conn:Starting new HTTPS connection (1): www.trustpilot.com:443
2020-12-10 20:20:29,476:_make_request:https://www.trustpilot.com:443 "GET //users/5fc5b9fc76db63001aeedcfc HTTP/1.1" 200 15398
2020-12-10 20:20:29,532:_new_conn:Starting new HTTPS connection (1): www.trustpilot.com:443
2020-12-10 20:20:29,842:_make_request:https://www.trustpilot.com:443 "GET //users/5fc5b7ab47a9d7001c9050d1 HTTP/1.1" 200 15347
2020-12-10 20:20:29,898:_new_conn:Starting new HTTPS connection (1): www.trustpilot.com:443
2020-12-10 20:20:30,229:_make_request:https://www.trustpilot.com:443 "GET //users/5fc59dee0f7960001a77a053 HTTP/1.1" 200 15289
2020-12-10 20:20:30,282:_new_conn:Starting new HTTPS connection (1): www.trustpilot.com:443
2020-12-10 20:20:30,655:_make_request:https://www.trustpilot.com:443 "GET //users/5fc593d13482ef001ba3dbe1 HTTP/1.1" 200 15237
2020-12-10 20:20:30,713:_new_conn:Starting new HTTPS connection (1): www.trustpilot.com:443
2020-12-10 20:20:31,080:_make_request:https://www.trustpilot.com:443 "GET //users/5fc5932447a9d7001c90445f HTTP/1.1" 200 15237
2020-12-10 20:20:31,135:_new_conn:Starting new HTTPS connection (1): www.trustpilot.com:443
2020-12-10 20:20:31,457:_make_request:https://www.trustpilot.com:443 "GET //users/5fc58cc33482ef001ba3d992 HTTP/1.1" 200 15365
2020-12-10 20:20:31,492:_new_conn:Starting new HTTPS connection (1): www.trustpilot.com:443
2020-12-10 20:20:32,023:_make_request:https://www.trustpilot.com:443 "GET //users/5fc58c3576db63001aeeccf0 HTTP/1.1" 200 15248
2020-12-10 20:20:32,053:_new_conn:Starting new HTTPS connection (1): www.trustpilot.com:443
2020-12-10 20:20:32,383:_make_request:https://www.trustpilot.com:443 "GET //users/5fc5882440fd97001973cf05 HTTP/1.1" 200 15359
2020-12-10 20:20:32,438:_new_conn:Starting new HTTPS connection (1): www.trustpilot.com:443
2020-12-10 20:20:32,742:_make_request:https://www.trustpilot.com:443 "GET //users/5fc580ee76db63001aeec84a HTTP/1.1" 200 15262
2020-12-10 20:20:32,801:_new_conn:Starting new HTTPS connection (1): www.trustpilot.com:443
2020-12-10 20:20:33,160:_make_request:https://www.trustpilot.com:443 "GET //users/5fc57d833482ef001ba3d2fc HTTP/1.1" 200 15280
2020-12-10 20:20:33,214:_new_conn:Starting new HTTPS connection (1): www.trustpilot.com:443
2020-12-10 20:20:33,774:_make_request:https://www.trustpilot.com:443 "GET //users/5fc57c50eb981f001a5ea06e HTTP/1.1" 200 15247
2020-12-10 20:20:33,828:_new_conn:Starting new HTTPS connection (1): www.trustpilot.com:443
2020-12-10 20:20:34,124:_make_request:https://www.trustpilot.com:443 "GET //users/5fc57c08eb981f001a5ea054 HTTP/1.1" 200 15331
2020-12-10 20:20:34,225:_new_conn:Starting new HTTPS connection (1): www.trustpilot.com:443
2020-12-10 20:20:34,520:_make_request:https://www.trustpilot.com:443 "GET //users/5fc57b1876db63001aeec5bb HTTP/1.1" 200 15333
2020-12-10 20:20:34,577:_new_conn:Starting new HTTPS connection (1): www.trustpilot.com:443
2020-12-10 20:20:35,102:_make_request:https://www.trustpilot.com:443 "GET //users/5fc57b0f0f7960001a779329 HTTP/1.1" 200 15482
2020-12-10 20:20:35,132:_new_conn:Starting new HTTPS connection (1): www.trustpilot.com:443
2020-12-10 20:20:35,697:_make_request:https://www.trustpilot.com:443 "GET //users/5fc5764c76db63001aeec3c3 HTTP/1.1" 200 15277
2020-12-10 20:20:35,756:_new_conn:Starting new HTTPS connection (1): www.trustpilot.com:443
2020-12-10 20:20:36,076:_make_request:https://www.trustpilot.com:443 "GET //users/5fc5749956b7900019626435 HTTP/1.1" 200 15316
2020-12-10 20:20:36,130:_new_conn:Starting new HTTPS connection (1): www.trustpilot.com:443
2020-12-10 20:20:36,408:_make_request:https://www.trustpilot.com:443 "GET //users/5fc5736d40fd97001973c602 HTTP/1.1" 200 15256
2020-12-10 20:20:36,466:_new_conn:Starting new HTTPS connection (1): www.trustpilot.com:443
2020-12-10 20:20:36,780:_make_request:https://www.trustpilot.com:443 "GET //users/5fc570b940fd97001973c4c7 HTTP/1.1" 200 15452
2020-12-10 20:20:36,832:_new_conn:Starting new HTTPS connection (1): www.trustpilot.com:443
2020-12-10 20:20:37,162:_make_request:https://www.trustpilot.com:443 "GET //users/5fc56fab40fd97001973c450 HTTP/1.1" 200 15300
2020-12-10 20:20:37,221:_new_conn:Starting new HTTPS connection (1): www.trustpilot.com:443
2020-12-10 20:20:37,518:_make_request:https://www.trustpilot.com:443 "GET //users/5fc56ef33482ef001ba3cc95 HTTP/1.1" 200 15245
2020-12-10 20:20:37,570:_new_conn:Starting new HTTPS connection (1): www.trustpilot.com:443
2020-12-10 20:20:37,904:_make_request:https://www.trustpilot.com:443 "GET //users/5fc56d99a30fde001a26cd0e HTTP/1.1" 200 15259
2020-12-10 20:20:37,962:_new_conn:Starting new HTTPS connection (1): www.trustpilot.com:443
2020-12-10 20:20:38,278:_make_request:https://www.trustpilot.com:443 "GET //users/5fc56d1e56b79000196260f6 HTTP/1.1" 200 15254
2020-12-10 20:20:38,334:_new_conn:Starting new HTTPS connection (1): www.trustpilot.com:443
2020-12-10 20:20:38,751:_make_request:https://www.trustpilot.com:443 "GET //users/5fc56c0347a9d7001c9034c0 HTTP/1.1" 200 15323
2020-12-10 20:20:38,808:_new_conn:Starting new HTTPS connection (1): www.trustpilot.com:443
2020-12-10 20:20:39,153:_make_request:https://www.trustpilot.com:443 "GET //users/5fc56849a3734e001909a7a5 HTTP/1.1" 200 15252
2020-12-10 20:20:39,241:_new_conn:Starting new HTTPS connection (1): www.trustpilot.com:443
2020-12-10 20:20:39,545:_make_request:https://www.trustpilot.com:443 "GET //users/5fc567e33482ef001ba3c977 HTTP/1.1" 200 15263
2020-12-10 20:20:39,598:_new_conn:Starting new HTTPS connection (1): www.trustpilot.com:443
2020-12-10 20:20:39,971:_make_request:https://www.trustpilot.com:443 "GET //users/5fc566a61ae1e9001bc12c4d HTTP/1.1" 200 15273
2020-12-10 20:20:40,028:_new_conn:Starting new HTTPS connection (1): www.trustpilot.com:443
2020-12-10 20:20:40,347:_make_request:https://www.trustpilot.com:443 "GET //users/5fc5661c0dc1df001a1de5ad HTTP/1.1" 200 15283
2020-12-10 20:20:40,403:_new_conn:Starting new HTTPS connection (1): www.trustpilot.com:443
2020-12-10 20:20:40,716:_make_request:https://www.trustpilot.com:443 "GET //users/5fc5650940fd97001973bfd4 HTTP/1.1" 200 15269
2020-12-10 20:20:40,771:_new_conn:Starting new HTTPS connection (1): www.trustpilot.com:443
2020-12-10 20:20:41,155:_make_request:https://www.trustpilot.com:443 "GET //users/5fc561440f7960001a7787eb HTTP/1.1" 200 15401
2020-12-10 20:20:41,193:_new_conn:Starting new HTTPS connection (1): www.trustpilot.com:443
2020-12-10 20:20:41,704:_make_request:https://www.trustpilot.com:443 "GET //users/5fc560d0a30fde001a26c7bd HTTP/1.1" 200 15220
2020-12-10 20:20:41,735:_new_conn:Starting new HTTPS connection (1): www.trustpilot.com:443
2020-12-10 20:20:42,072:_make_request:https://www.trustpilot.com:443 "GET //users/59a600eb0000ff000ac1c706 HTTP/1.1" 200 16943
2020-12-10 20:20:42,141:_new_conn:Starting new HTTPS connection (1): www.trustpilot.com:443
2020-12-10 20:20:42,510:_make_request:https://www.trustpilot.com:443 "GET //users/5fc55fcf0dc1df001a1de32e HTTP/1.1" 200 15296
2020-12-10 20:20:42,557:_new_conn:Starting new HTTPS connection (1): www.trustpilot.com:443
2020-12-10 20:20:42,954:_make_request:https://www.trustpilot.com:443 "GET //users/5fc55ead0f7960001a7786d0 HTTP/1.1" 200 15184
2020-12-10 20:20:43,009:_new_conn:Starting new HTTPS connection (1): www.trustpilot.com:443
2020-12-10 20:20:43,334:_make_request:https://www.trustpilot.com:443 "GET //users/5fc55e2047a9d7001c902edc HTTP/1.1" 200 15255
2020-12-10 20:20:43,389:_new_conn:Starting new HTTPS connection (1): www.trustpilot.com:443
2020-12-10 20:20:43,944:_make_request:https://www.trustpilot.com:443 "GET //users/5fc55dad7d808e001a8a6553 HTTP/1.1" 200 15265
2020-12-10 20:20:44,001:_new_conn:Starting new HTTPS connection (1): www.trustpilot.com:443
2020-12-10 20:20:44,336:_make_request:https://www.trustpilot.com:443 "GET //users/5fc55c98a30fde001a26c5ed HTTP/1.1" 200 15432
2020-12-10 20:22:25,078:_new_conn:Starting new HTTPS connection (1): www.trustpilot.com:443
2020-12-10 20:22:25,272:_make_request:https://www.trustpilot.com:443 "GET / HTTP/1.1" 200 None
2020-12-10 21:25:05,769:_new_conn:Starting new HTTPS connection (1): www.trustpilot.com:443
2020-12-10 21:25:06,165:_make_request:https://www.trustpilot.com:443 "GET / HTTP/1.1" 200 None
2020-12-10 21:25:06,183:<module>:logging file
2020-12-10 23:13:59,469:_new_conn:Starting new HTTPS connection (1): www.trustpilot.com:443
2020-12-10 23:13:59,633:_make_request:https://www.trustpilot.com:443 "GET / HTTP/1.1" 200 None
2020-12-10 23:13:59,649:<module>:logging file
2020-12-10 23:13:59,651:_new_conn:Starting new HTTPS connection (1): www.trustpilot.com:443
2020-12-10 23:14:00,235:_make_request:https://www.trustpilot.com:443 "GET /review/www.monday.com?page=1 HTTP/1.1" 200 30011
2020-12-10 23:14:00,242:scrap:the website we being scrapped from
2020-12-10 23:14:00,384:_new_conn:Starting new HTTPS connection (1): www.trustpilot.com:443
2020-12-10 23:14:01,148:_make_request:https://www.trustpilot.com:443 "GET /review/www.monday.com?page=2 HTTP/1.1" 200 30967
2020-12-10 23:14:01,166:scrap:the website we being scrapped from
2020-12-10 23:14:01,300:_new_conn:Starting new HTTPS connection (1): www.trustpilot.com:443
2020-12-10 23:14:01,846:_make_request:https://www.trustpilot.com:443 "GET /review/www.monday.com?page=3 HTTP/1.1" 200 29670
2020-12-10 23:14:01,862:scrap:the website we being scrapped from
2020-12-10 23:14:01,982:_new_conn:Starting new HTTPS connection (1): www.trustpilot.com:443
2020-12-10 23:14:02,535:_make_request:https://www.trustpilot.com:443 "GET /review/www.monday.com?page=4 HTTP/1.1" 200 28411
2020-12-10 23:14:02,547:scrap:the website we being scrapped from
2020-12-10 23:14:02,691:_new_conn:Starting new HTTPS connection (1): www.trustpilot.com:443
2020-12-10 23:14:02,992:_make_request:https://www.trustpilot.com:443 "GET //users/5fd18aabb79ba2001bbf77b1 HTTP/1.1" 200 15897
2020-12-10 23:14:03,050:_new_conn:Starting new HTTPS connection (1): www.trustpilot.com:443
2020-12-10 23:14:03,530:_make_request:https://www.trustpilot.com:443 "GET //users/5fd172e867717a001986f7f0 HTTP/1.1" 200 15610
2020-12-10 23:14:03,620:_new_conn:Starting new HTTPS connection (1): www.trustpilot.com:443
2020-12-10 23:14:03,924:_make_request:https://www.trustpilot.com:443 "GET //users/5fd1707e33b62e001942b069 HTTP/1.1" 200 15384
2020-12-10 23:14:03,978:_new_conn:Starting new HTTPS connection (1): www.trustpilot.com:443
2020-12-10 23:14:04,359:_make_request:https://www.trustpilot.com:443 "GET //users/5fd16be7e8176d0019e2d701 HTTP/1.1" 200 15246
2020-12-10 23:14:04,405:_new_conn:Starting new HTTPS connection (1): www.trustpilot.com:443
2020-12-10 23:14:04,851:_make_request:https://www.trustpilot.com:443 "GET //users/5fd02b15be34ff001a640de8 HTTP/1.1" 200 15501
2020-12-10 23:14:04,902:_new_conn:Starting new HTTPS connection (1): www.trustpilot.com:443
2020-12-10 23:14:05,218:_make_request:https://www.trustpilot.com:443 "GET //users/5fd025e6e8176d0019e2091a HTTP/1.1" 200 15419
2020-12-10 23:14:05,276:_new_conn:Starting new HTTPS connection (1): www.trustpilot.com:443
2020-12-10 23:14:05,657:_make_request:https://www.trustpilot.com:443 "GET //users/5fd01d83e8176d0019e205f5 HTTP/1.1" 200 15460
2020-12-10 23:14:05,715:_new_conn:Starting new HTTPS connection (1): www.trustpilot.com:443
2020-12-10 23:14:06,042:_make_request:https://www.trustpilot.com:443 "GET //users/5fd01baf33b62e001941ddda HTTP/1.1" 200 15435
2020-12-10 23:14:06,100:_new_conn:Starting new HTTPS connection (1): www.trustpilot.com:443
2020-12-10 23:14:06,396:_make_request:https://www.trustpilot.com:443 "GET //users/5fd01a8c551af6001a1eafa6 HTTP/1.1" 200 15485
2020-12-10 23:14:06,455:_new_conn:Starting new HTTPS connection (1): www.trustpilot.com:443
2020-12-10 23:14:06,832:_make_request:https://www.trustpilot.com:443 "GET //users/5fd00d66e8176d0019e1fee9 HTTP/1.1" 200 15540
2020-12-10 23:14:06,891:_new_conn:Starting new HTTPS connection (1): www.trustpilot.com:443
2020-12-10 23:14:07,407:_make_request:https://www.trustpilot.com:443 "GET //users/5fd00aa5ce11b00019dc5d0a HTTP/1.1" 200 15423
2020-12-10 23:14:07,463:_new_conn:Starting new HTTPS connection (1): www.trustpilot.com:443
2020-12-10 23:14:07,849:_make_request:https://www.trustpilot.com:443 "GET //users/5fd009a033b62e001941d51e HTTP/1.1" 200 15350
2020-12-10 23:14:07,893:_new_conn:Starting new HTTPS connection (1): www.trustpilot.com:443
2020-12-10 23:14:08,200:_make_request:https://www.trustpilot.com:443 "GET //users/5fd0051833b62e001941d30d HTTP/1.1" 200 15226
2020-12-10 23:14:08,256:_new_conn:Starting new HTTPS connection (1): www.trustpilot.com:443
2020-12-10 23:14:08,671:_make_request:https://www.trustpilot.com:443 "GET //users/5fd004bb551af6001a1ea56c HTTP/1.1" 200 15273
2020-12-10 23:14:08,720:_new_conn:Starting new HTTPS connection (1): www.trustpilot.com:443
2020-12-10 23:14:09,012:_make_request:https://www.trustpilot.com:443 "GET //users/5fd002a32252ee0019bed214 HTTP/1.1" 200 15320
2020-12-10 23:14:09,069:_new_conn:Starting new HTTPS connection (1): www.trustpilot.com:443
2020-12-10 23:14:09,409:_make_request:https://www.trustpilot.com:443 "GET //users/5df30e697e8d9166eb719cf5 HTTP/1.1" 200 15679
2020-12-10 23:14:09,467:_new_conn:Starting new HTTPS connection (1): www.trustpilot.com:443
2020-12-10 23:14:09,842:_make_request:https://www.trustpilot.com:443 "GET //users/5fcffc60be34ff001a63faa2 HTTP/1.1" 200 15290
2020-12-10 23:14:09,890:_new_conn:Starting new HTTPS connection (1): www.trustpilot.com:443
2020-12-10 23:14:10,212:_make_request:https://www.trustpilot.com:443 "GET //users/5fcffc3abe34ff001a63fa95 HTTP/1.1" 200 15244
2020-12-10 23:14:10,270:_new_conn:Starting new HTTPS connection (1): www.trustpilot.com:443
2020-12-10 23:14:10,574:_make_request:https://www.trustpilot.com:443 "GET //users/5fcff8fdbe34ff001a63f8d6 HTTP/1.1" 200 15328
2020-12-10 23:14:10,594:_new_conn:Starting new HTTPS connection (1): www.trustpilot.com:443
2020-12-10 23:14:10,862:_make_request:https://www.trustpilot.com:443 "GET //users/5fcff53b551af6001a1e9e46 HTTP/1.1" 200 15303
2020-12-10 23:14:10,896:_new_conn:Starting new HTTPS connection (1): www.trustpilot.com:443
2020-12-10 23:14:11,220:_make_request:https://www.trustpilot.com:443 "GET //users/5fcff303551af6001a1e9d1f HTTP/1.1" 200 15376
2020-12-10 23:14:11,317:_new_conn:Starting new HTTPS connection (1): www.trustpilot.com:443
2020-12-10 23:14:11,652:_make_request:https://www.trustpilot.com:443 "GET //users/5fcff1bdce11b00019dc50f5 HTTP/1.1" 200 15205
2020-12-10 23:14:11,697:_new_conn:Starting new HTTPS connection (1): www.trustpilot.com:443
2020-12-10 23:14:11,992:_make_request:https://www.trustpilot.com:443 "GET //users/5fcff09433b62e001941c93e HTTP/1.1" 200 15722
2020-12-10 23:14:12,047:_new_conn:Starting new HTTPS connection (1): www.trustpilot.com:443
2020-12-10 23:14:12,355:_make_request:https://www.trustpilot.com:443 "GET //users/5fcfef52ce11b00019dc4f5c HTTP/1.1" 200 15331
2020-12-10 23:14:12,411:_new_conn:Starting new HTTPS connection (1): www.trustpilot.com:443
2020-12-10 23:14:12,765:_make_request:https://www.trustpilot.com:443 "GET //users/5fcfe829ce11b00019dc4aeb HTTP/1.1" 200 15247
2020-12-10 23:14:12,794:_new_conn:Starting new HTTPS connection (1): www.trustpilot.com:443
2020-12-10 23:14:13,087:_make_request:https://www.trustpilot.com:443 "GET //users/5fcfe41f551af6001a1e93f1 HTTP/1.1" 200 15566
2020-12-10 23:14:13,141:_new_conn:Starting new HTTPS connection (1): www.trustpilot.com:443
2020-12-10 23:14:13,520:_make_request:https://www.trustpilot.com:443 "GET //users/5fcfd5aebe34ff001a63e2ee HTTP/1.1" 200 15314
2020-12-10 23:14:13,600:_new_conn:Starting new HTTPS connection (1): www.trustpilot.com:443
2020-12-10 23:14:14,017:_make_request:https://www.trustpilot.com:443 "GET //users/5fcfcd7a3733350019f3cad3 HTTP/1.1" 200 15463
2020-12-10 23:14:14,074:_new_conn:Starting new HTTPS connection (1): www.trustpilot.com:443
2020-12-10 23:14:14,403:_make_request:https://www.trustpilot.com:443 "GET //users/5fcfcb792252ee0019beb169 HTTP/1.1" 200 15177
2020-12-10 23:14:14,460:_new_conn:Starting new HTTPS connection (1): www.trustpilot.com:443
2020-12-10 23:14:14,794:_make_request:https://www.trustpilot.com:443 "GET //users/5fcf4030be34ff001a63602f HTTP/1.1" 200 15458
2020-12-10 23:14:14,841:_new_conn:Starting new HTTPS connection (1): www.trustpilot.com:443
2020-12-10 23:14:15,145:_make_request:https://www.trustpilot.com:443 "GET //users/5f8a719ecacd0a001a0760a0 HTTP/1.1" 200 16870
2020-12-10 23:14:15,211:_new_conn:Starting new HTTPS connection (1): www.trustpilot.com:443
2020-12-10 23:14:15,561:_make_request:https://www.trustpilot.com:443 "GET //users/5fcda52bb66e62001a7c7e8d HTTP/1.1" 200 15471
2020-12-10 23:14:15,636:_new_conn:Starting new HTTPS connection (1): www.trustpilot.com:443
2020-12-10 23:14:15,995:_make_request:https://www.trustpilot.com:443 "GET //users/5fca4a844a04550019d62550 HTTP/1.1" 200 15515
2020-12-10 23:14:16,044:_new_conn:Starting new HTTPS connection (1): www.trustpilot.com:443
2020-12-10 23:14:16,349:_make_request:https://www.trustpilot.com:443 "GET //users/5fc9bff514f391001a6a3190 HTTP/1.1" 200 15343
2020-12-10 23:14:16,407:_new_conn:Starting new HTTPS connection (1): www.trustpilot.com:443
2020-12-10 23:14:16,730:_make_request:https://www.trustpilot.com:443 "GET //users/5fc969a614f391001a6a14ad HTTP/1.1" 200 15317
2020-12-10 23:14:16,788:_new_conn:Starting new HTTPS connection (1): www.trustpilot.com:443
2020-12-10 23:14:17,093:_make_request:https://www.trustpilot.com:443 "GET //users/5fc80e8a700a7f001ad36d1b HTTP/1.1" 200 15239
2020-12-10 23:14:17,147:_new_conn:Starting new HTTPS connection (1): www.trustpilot.com:443
2020-12-10 23:14:17,536:_make_request:https://www.trustpilot.com:443 "GET //users/5e5f104cc06afde2b8f336b2 HTTP/1.1" 200 15601
2020-12-10 23:14:17,590:_new_conn:Starting new HTTPS connection (1): www.trustpilot.com:443
2020-12-10 23:14:17,895:_make_request:https://www.trustpilot.com:443 "GET //users/5fc708a0e4791c0019c3a239 HTTP/1.1" 200 15363
2020-12-10 23:14:17,930:_new_conn:Starting new HTTPS connection (1): www.trustpilot.com:443
2020-12-10 23:14:18,297:_make_request:https://www.trustpilot.com:443 "GET //users/5fc6cb24ca31880019c48e93 HTTP/1.1" 200 15234
2020-12-10 23:14:18,355:_new_conn:Starting new HTTPS connection (1): www.trustpilot.com:443
2020-12-10 23:14:18,653:_make_request:https://www.trustpilot.com:443 "GET //users/5fc6488bac84a200190ea283 HTTP/1.1" 200 15187
2020-12-10 23:14:18,707:_new_conn:Starting new HTTPS connection (1): www.trustpilot.com:443
2020-12-10 23:14:19,199:_make_request:https://www.trustpilot.com:443 "GET //users/5fc6447736865400193f3488 HTTP/1.1" 200 15328
2020-12-10 23:14:19,253:_new_conn:Starting new HTTPS connection (1): www.trustpilot.com:443
2020-12-10 23:14:19,572:_make_request:https://www.trustpilot.com:443 "GET //users/5e7b1dea062aad2584ccc090 HTTP/1.1" 200 16170
2020-12-10 23:14:19,615:_new_conn:Starting new HTTPS connection (1): www.trustpilot.com:443
2020-12-10 23:14:19,932:_make_request:https://www.trustpilot.com:443 "GET //users/5fc60a3536865400193f00c3 HTTP/1.1" 200 15231
2020-12-10 23:14:19,988:_new_conn:Starting new HTTPS connection (1): www.trustpilot.com:443
2020-12-10 23:14:20,327:_make_request:https://www.trustpilot.com:443 "GET //users/5a35e5980000ff000af22ab4 HTTP/1.1" 200 15409
2020-12-10 23:14:20,385:_new_conn:Starting new HTTPS connection (1): www.trustpilot.com:443
2020-12-10 23:14:20,878:_make_request:https://www.trustpilot.com:443 "GET //users/5fc5b9fc76db63001aeedcfc HTTP/1.1" 200 15398
2020-12-10 23:14:20,941:_new_conn:Starting new HTTPS connection (1): www.trustpilot.com:443
2020-12-10 23:14:21,256:_make_request:https://www.trustpilot.com:443 "GET //users/5fc5b7ab47a9d7001c9050d1 HTTP/1.1" 200 15347
2020-12-10 23:14:21,311:_new_conn:Starting new HTTPS connection (1): www.trustpilot.com:443
2020-12-10 23:14:21,657:_make_request:https://www.trustpilot.com:443 "GET //users/5fc59dee0f7960001a77a053 HTTP/1.1" 200 15289
2020-12-10 23:14:21,710:_new_conn:Starting new HTTPS connection (1): www.trustpilot.com:443
2020-12-10 23:14:22,024:_make_request:https://www.trustpilot.com:443 "GET //users/5fc593d13482ef001ba3dbe1 HTTP/1.1" 200 15237
2020-12-10 23:14:22,061:_new_conn:Starting new HTTPS connection (1): www.trustpilot.com:443
2020-12-10 23:14:22,450:_make_request:https://www.trustpilot.com:443 "GET //users/5fc5932447a9d7001c90445f HTTP/1.1" 200 15237
2020-12-10 23:14:22,509:_new_conn:Starting new HTTPS connection (1): www.trustpilot.com:443
2020-12-10 23:14:22,810:_make_request:https://www.trustpilot.com:443 "GET //users/5fc58cc33482ef001ba3d992 HTTP/1.1" 200 15365
2020-12-10 23:14:22,868:_new_conn:Starting new HTTPS connection (1): www.trustpilot.com:443
2020-12-10 23:14:23,228:_make_request:https://www.trustpilot.com:443 "GET //users/5fc58c3576db63001aeeccf0 HTTP/1.1" 200 15248
2020-12-10 23:14:23,284:_new_conn:Starting new HTTPS connection (1): www.trustpilot.com:443
2020-12-10 23:14:23,785:_make_request:https://www.trustpilot.com:443 "GET //users/5fc5882440fd97001973cf05 HTTP/1.1" 200 15359
2020-12-10 23:14:23,842:_new_conn:Starting new HTTPS connection (1): www.trustpilot.com:443
2020-12-10 23:14:24,118:_make_request:https://www.trustpilot.com:443 "GET //users/5fc580ee76db63001aeec84a HTTP/1.1" 200 15262
2020-12-10 23:14:24,176:_new_conn:Starting new HTTPS connection (1): www.trustpilot.com:443
2020-12-10 23:14:24,477:_make_request:https://www.trustpilot.com:443 "GET //users/5fc57d833482ef001ba3d2fc HTTP/1.1" 200 15280
2020-12-10 23:14:24,530:_new_conn:Starting new HTTPS connection (1): www.trustpilot.com:443
2020-12-10 23:14:24,907:_make_request:https://www.trustpilot.com:443 "GET //users/5fc57c50eb981f001a5ea06e HTTP/1.1" 200 15247
2020-12-10 23:14:24,965:_new_conn:Starting new HTTPS connection (1): www.trustpilot.com:443
2020-12-10 23:14:25,254:_make_request:https://www.trustpilot.com:443 "GET //users/5fc57c08eb981f001a5ea054 HTTP/1.1" 200 15331
2020-12-10 23:14:25,353:_new_conn:Starting new HTTPS connection (1): www.trustpilot.com:443
2020-12-10 23:14:25,621:_make_request:https://www.trustpilot.com:443 "GET //users/5fc57b1876db63001aeec5bb HTTP/1.1" 200 15333
2020-12-10 23:14:25,677:_new_conn:Starting new HTTPS connection (1): www.trustpilot.com:443
2020-12-10 23:14:26,043:_make_request:https://www.trustpilot.com:443 "GET //users/5fc57b0f0f7960001a779329 HTTP/1.1" 200 15482
2020-12-10 23:14:26,102:_new_conn:Starting new HTTPS connection (1): www.trustpilot.com:443
2020-12-10 23:14:26,386:_make_request:https://www.trustpilot.com:443 "GET //users/5fc5764c76db63001aeec3c3 HTTP/1.1" 200 15277
2020-12-10 23:14:26,444:_new_conn:Starting new HTTPS connection (1): www.trustpilot.com:443
2020-12-10 23:14:26,751:_make_request:https://www.trustpilot.com:443 "GET //users/5fc5749956b7900019626435 HTTP/1.1" 200 15316
2020-12-10 23:14:26,786:_new_conn:Starting new HTTPS connection (1): www.trustpilot.com:443
2020-12-10 23:14:27,158:_make_request:https://www.trustpilot.com:443 "GET //users/5fc5736d40fd97001973c602 HTTP/1.1" 200 15256
2020-12-10 23:14:27,214:_new_conn:Starting new HTTPS connection (1): www.trustpilot.com:443
2020-12-10 23:14:27,513:_make_request:https://www.trustpilot.com:443 "GET //users/5fc570b940fd97001973c4c7 HTTP/1.1" 200 15452
2020-12-10 23:14:27,577:_new_conn:Starting new HTTPS connection (1): www.trustpilot.com:443
2020-12-10 23:14:27,885:_make_request:https://www.trustpilot.com:443 "GET //users/5fc56fab40fd97001973c450 HTTP/1.1" 200 15300
2020-12-10 23:14:27,941:_new_conn:Starting new HTTPS connection (1): www.trustpilot.com:443
2020-12-10 23:14:28,312:_make_request:https://www.trustpilot.com:443 "GET //users/5fc56ef33482ef001ba3cc95 HTTP/1.1" 200 15245
2020-12-10 23:14:28,367:_new_conn:Starting new HTTPS connection (1): www.trustpilot.com:443
2020-12-10 23:14:28,698:_make_request:https://www.trustpilot.com:443 "GET //users/5fc56d99a30fde001a26cd0e HTTP/1.1" 200 15259
2020-12-10 23:14:28,753:_new_conn:Starting new HTTPS connection (1): www.trustpilot.com:443
2020-12-10 23:14:29,120:_make_request:https://www.trustpilot.com:443 "GET //users/5fc56d1e56b79000196260f6 HTTP/1.1" 200 15254
2020-12-10 23:14:29,175:_new_conn:Starting new HTTPS connection (1): www.trustpilot.com:443
2020-12-10 23:14:29,478:_make_request:https://www.trustpilot.com:443 "GET //users/5fc56c0347a9d7001c9034c0 HTTP/1.1" 200 15323
2020-12-10 23:14:29,539:_new_conn:Starting new HTTPS connection (1): www.trustpilot.com:443
2020-12-10 23:14:29,870:_make_request:https://www.trustpilot.com:443 "GET //users/5fc56849a3734e001909a7a5 HTTP/1.1" 200 15252
2020-12-10 23:14:29,927:_new_conn:Starting new HTTPS connection (1): www.trustpilot.com:443
2020-12-10 23:14:30,307:_make_request:https://www.trustpilot.com:443 "GET //users/5fc567e33482ef001ba3c977 HTTP/1.1" 200 15263
2020-12-10 23:14:30,329:_new_conn:Starting new HTTPS connection (1): www.trustpilot.com:443
2020-12-10 23:14:30,643:_make_request:https://www.trustpilot.com:443 "GET //users/5fc566a61ae1e9001bc12c4d HTTP/1.1" 200 15273
2020-12-10 23:14:30,698:_new_conn:Starting new HTTPS connection (1): www.trustpilot.com:443
2020-12-10 23:14:31,187:_make_request:https://www.trustpilot.com:443 "GET //users/5fc5661c0dc1df001a1de5ad HTTP/1.1" 200 15283
2020-12-10 23:14:31,242:_new_conn:Starting new HTTPS connection (1): www.trustpilot.com:443
2020-12-10 23:14:31,573:_make_request:https://www.trustpilot.com:443 "GET //users/5fc5650940fd97001973bfd4 HTTP/1.1" 200 15269
2020-12-10 23:14:31,599:_new_conn:Starting new HTTPS connection (1): www.trustpilot.com:443
2020-12-10 23:14:31,914:_make_request:https://www.trustpilot.com:443 "GET //users/5fc561440f7960001a7787eb HTTP/1.1" 200 15401
2020-12-10 23:14:31,969:_new_conn:Starting new HTTPS connection (1): www.trustpilot.com:443
2020-12-10 23:14:32,305:_make_request:https://www.trustpilot.com:443 "GET //users/5fc560d0a30fde001a26c7bd HTTP/1.1" 200 15220
2020-12-10 23:14:32,363:_new_conn:Starting new HTTPS connection (1): www.trustpilot.com:443
2020-12-10 23:14:32,752:_make_request:https://www.trustpilot.com:443 "GET //users/59a600eb0000ff000ac1c706 HTTP/1.1" 200 16943
2020-12-10 23:14:32,821:_new_conn:Starting new HTTPS connection (1): www.trustpilot.com:443
2020-12-10 23:14:33,115:_make_request:https://www.trustpilot.com:443 "GET //users/5fc55fcf0dc1df001a1de32e HTTP/1.1" 200 15296
2020-12-10 23:14:33,171:_new_conn:Starting new HTTPS connection (1): www.trustpilot.com:443
2020-12-10 23:14:33,509:_make_request:https://www.trustpilot.com:443 "GET //users/5fc55ead0f7960001a7786d0 HTTP/1.1" 200 15184
2020-12-10 23:14:33,557:_new_conn:Starting new HTTPS connection (1): www.trustpilot.com:443
2020-12-10 23:14:33,894:_make_request:https://www.trustpilot.com:443 "GET //users/5fc55e2047a9d7001c902edc HTTP/1.1" 200 15255
2020-12-10 23:14:33,951:_new_conn:Starting new HTTPS connection (1): www.trustpilot.com:443
2020-12-10 23:14:34,354:_make_request:https://www.trustpilot.com:443 "GET //users/5fc55dad7d808e001a8a6553 HTTP/1.1" 200 15265
2020-12-10 23:14:34,410:_new_conn:Starting new HTTPS connection (1): www.trustpilot.com:443
2020-12-10 23:14:34,747:_make_request:https://www.trustpilot.com:443 "GET //users/5fc55c98a30fde001a26c5ed HTTP/1.1" 200 15432
2020-12-10 23:14:34,805:export_sql:Database exists. Succesfully connected
